Build started 17/08/2015 5:51:25 p.m..
     1>Project "F:\Sem2\Apotheosis\Apotheosis\Box2D\Build\vs2013\Testbed.vcxproj" on node 2 (Build target(s)).
     1>ClCompile:
         D:\Program Files (x86)\Microsoft Visual Studio 12.0\VC\bin\CL.exe /c /I..\.. /I"C:\Program Files (x86)\Visual Leak Detector\include" /Zi /nologo /W3 /WX- /Ox /Oy- /D GLEW_STATIC /D _CRT_SECURE_NO_WARNINGS /D NDEBUG /D _MBCS /GF /Gm- /EHsc /MD /GS /Gy /fp:precise /Zc:wchar_t /Zc:forScope /Fo"obj\x32\Release\Testbed\\" /Fd"bin\x32\Release\Testbed.pdb" /Gd /TP /analyze- /errorReport:prompt ..\..\Testbed\Framework\DebugDraw.cpp ..\..\Testbed\Framework\imgui.cpp ..\..\Testbed\Framework\Main.cpp ..\..\Testbed\Framework\RenderGL3.cpp ..\..\Testbed\Framework\Test.cpp ..\..\Testbed\Tests\TestEntries.cpp
         DebugDraw.cpp
     1>F:\Sem2\Apotheosis\Apotheosis\Box2D\Box2D/Box2D.h(34): fatal error C1083: Cannot open include file: 'Box2D/Common/b2Settings.h': No such file or directory
         imgui.cpp
     1>f:\sem2\apotheosis\apotheosis\box2d\testbed\framework\RenderGL3.h(23): fatal error C1083: Cannot open include file: 'Box2D/Common/b2Math.h': No such file or directory
         Main.cpp
     1>f:\sem2\apotheosis\apotheosis\box2d\testbed\framework\RenderGL3.h(23): fatal error C1083: Cannot open include file: 'Box2D/Common/b2Math.h': No such file or directory
         RenderGL3.cpp
     1>f:\sem2\apotheosis\apotheosis\box2d\testbed\framework\RenderGL3.h(23): fatal error C1083: Cannot open include file: 'Box2D/Common/b2Math.h': No such file or directory
         Test.cpp
     1>F:\Sem2\Apotheosis\Apotheosis\Box2D\Box2D/Box2D.h(34): fatal error C1083: Cannot open include file: 'Box2D/Common/b2Settings.h': No such file or directory
         TestEntries.cpp
     1>F:\Sem2\Apotheosis\Apotheosis\Box2D\Box2D/Box2D.h(34): fatal error C1083: Cannot open include file: 'Box2D/Common/b2Settings.h': No such file or directory
         Generating Code...
     1>Done Building Project "F:\Sem2\Apotheosis\Apotheosis\Box2D\Build\vs2013\Testbed.vcxproj" (Build target(s)) -- FAILED.

Build FAILED.

Time Elapsed 00:00:00.25
